daily 1 20210222 rows=4173
daily 2 20210223 rows=4173
daily 3 20210224 empty
daily 4 20210225 empty
daily 5 20210226 rows=4178
daily 6 20210227 empty
daily 7 20210228 empty
daily 8 20210301 rows=4179
daily 9 20210302 rows=4180
daily 10 20210303 empty
daily 11 20210304 empty
daily 12 20210305 empty
daily 13 20210306 empty
daily 14 20210307 empty
daily 15 20210308 rows=4184
daily 16 20210309 empty
daily 17 20210310 rows=4186
daily 18 20210311 rows=4186
daily 19 20210312 rows=4187
daily 20 20210313 empty
daily 21 20210314 empty
daily 22 20210315 rows=4188
daily 23 20210316 rows=4190
daily 24 20210317 rows=4191
daily 25 20210318 rows=4193
daily 26 20210319 rows=4192
daily 27 20210320 empty
daily 28 20210321 empty
daily 29 20210322 empty
daily 30 20210323 empty
daily 31 20210324 rows=4205
daily 32 20210325 rows=4208
daily 33 20210326 empty
daily 34 20210327 empty
daily 35 20210328 empty
daily 36 20210329 rows=4215
daily 37 20210330 empty
daily 38 20210331 empty
daily 39 20210401 empty
daily 40 20210402 empty
daily 41 20210403 empty
daily 42 20210404 empty
daily 43 20210405 empty
daily 44 20210406 rows=4228
daily 45 20210407 rows=4226
daily 46 20210408 empty
daily 47 20210409 empty
daily 48 20210410 empty
daily 49 20210411 empty
daily 50 20210412 rows=4237
daily 51 20210413 empty
daily 52 20210414 empty
daily 53 20210415 empty
daily 54 20210416 empty
daily 55 20210417 empty
daily 56 20210418 empty
daily 57 20210419 rows=4249
daily 58 20210420 empty
daily 59 20210421 rows=4260
daily 60 20210422 rows=4260
daily 61 20210423 rows=4252
daily 62 20210424 empty
daily 63 20210425 empty
daily 64 20210426 empty
